==============================================
SEPARATED EVOLUTIONARY GAME SIMULATION
==============================================
Job ID: 1533203
Job Name: evolutionary_game
Node: gpu-3-01
Partition: short
Start Time: Thu Jul 31 20:02:24 EDT 2025
==============================================
Environment activated
Checking GPU availability...
JAX devices: [CudaDevice(id=0)]
Simulation Parameters:
  Game type: zero_sum
  Vertices: 512
  Time steps: 50
  Random seed: 42
  --- Zero-Sum Parameters ---
  Initial pattern: striped
  Initial bank value: -1000
==============================================
Starting simulation...
Executing: python main.py     --payoff_scheme zero_sum     --vertices 512     --time_steps 50     --seed 42     --use_gpu     --save_data --initial_pattern striped --initial_bank_value -1000
Output directories created in: /home/adfield/game_theory/plots
======================================================================
EVOLUTIONARY GAME SIMULATION
======================================================================
Game type: zero_sum
Vertices: 512
Time steps: 50
Random seed: 42
Initial pattern: striped
Initial bank value: -1000.0
Stripe size: 170
Output dir: plots
JAX devices: ['cuda:0']
GPU acceleration available
======================================================================
Initialized Zero-Sum Evolutionary Game:
  Vertices: 512
  Initial pattern: striped
  Initial bank value: -1000.0
  Stripe size: 170
  Total system wealth: -512000.0
  Zero-sum payoff matrix:
[[ 0 -1  1]
 [ 1  0 -1]
 [-1  1  0]]
Running zero-sum simulation...
Simulation completed in 1.57 seconds
Wealth conservation check:
  Expected total: -512000.0
  Actual total: -512000.0
  Max deviation: 0.00e+00
  Wealth conserved: True
Plot saved to: plots/zero_sum_evolution_512agents_50steps.png
Analysis plot saved to: plots/zero_sum_analysis_512agents_50steps.png
Data saved to: plots/data/zero_sum_simulation_512agents_20250731_200231.npz
Parameters saved to: plots/data/zero_sum_simulation_512agents_20250731_200231_params.json
Data saved to: plots/data/zero_sum_simulation_512agents_20250731_200231.npz
Summary saved to: plots/analysis/zero_sum_summary_512agents_20250731_200231.txt

Final state analysis:
  Rock: 338 agents (66.0%)
  Paper: 172 agents (33.6%)
  Scissors: 2 agents (0.4%)
======================================================================
SIMULATION COMPLETE
======================================================================
==============================================
Simulation completed with return code: 0
End Time: Thu Jul 31 20:02:32 EDT 2025
Output files generated:
-rw-r--r-- 1 adfield adfield  53213 Jul 31 19:57 plots/evolution_d0.0_e16.0.png
-rw-r--r-- 1 adfield adfield  68723 Jul 31 19:57 plots/evolution_d0.5_e0.0.png
-rw-r--r-- 1 adfield adfield 210815 Jul 31 19:57 plots/figure_1_reproduction.png
-rw-r--r-- 1 adfield adfield 421026 Jul 31 20:02 plots/zero_sum_analysis_512agents_50steps.png
-rw-r--r-- 1 adfield adfield  44367 Jul 31 20:02 plots/zero_sum_evolution_512agents_50steps.png
total 40
drwxrwxr-x 2 adfield adfield     6 Jul 31 20:02 .
drwxrwxr-x 5 adfield adfield     8 Jul 31 20:02 ..
-rw-r--r-- 1 adfield adfield 12433 Jul 31 19:57 simulation_d0.0_e16.0_20250731_195751.npz
-rw-r--r-- 1 adfield adfield   372 Jul 31 19:57 simulation_d0.0_e16.0_20250731_195751_params.json
-rw-r--r-- 1 adfield adfield 22738 Jul 31 19:57 simulation_d0.5_e0.0_20250731_195751.npz
-rw-r--r-- 1 adfield adfield   371 Jul 31 19:57 simulation_d0.5_e0.0_20250731_195751_params.json
-rw-r--r-- 1 adfield adfield  3384 Jul 31 20:02 zero_sum_simulation_512agents_20250731_200231.npz
-rw-r--r-- 1 adfield adfield   374 Jul 31 20:02 zero_sum_simulation_512agents_20250731_200231_params.json
total 400
drwxrwxr-x 2 adfield adfield      6 Jul 31 20:02 .
drwxrwxr-x 5 adfield adfield      8 Jul 31 20:02 ..
-rw-r--r-- 1 adfield adfield 164616 Jul 31 19:57 analysis_d0.0_e16.0.png
-rw-r--r-- 1 adfield adfield 186624 Jul 31 19:57 analysis_d0.5_e0.0.png
-rw-r--r-- 1 adfield adfield  53700 Jul 31 19:57 comparison_plot.png
-rw-r--r-- 1 adfield adfield    728 Jul 31 19:57 summary_d0.0_e16.0_20250731_195751.txt
-rw-r--r-- 1 adfield adfield    728 Jul 31 19:57 summary_d0.5_e0.0_20250731_195751.txt
-rw-r--r-- 1 adfield adfield   1578 Jul 31 20:02 zero_sum_summary_512agents_20250731_200231.txt
==============================================
JOB COMPLETE
==============================================
